Drill report for badge.kicad_pcb
Created on Mon 16 Jan 2023 03:09:50 PM CST

Copper Layer Stackup:
    =============================================================
    L1 :  F.Cu                      front
    L2 :  B.Cu                      back


Drill file 'badge-PTH.drl' contains
    plated through holes:
    =============================================================
    T1  0.400mm  0.0157"  (54 holes)
    T2  0.800mm  0.0315"  (2 holes)
    T3  0.900mm  0.0354"  (2 holes)
    T4  1.000mm  0.0394"  (50 holes)
    T5  1.100mm  0.0433"  (3 holes)
    T6  1.700mm  0.0669"  (6 holes)  (with 6 slots)
    T7  2.500mm  0.0984"  (3 holes)

    Total plated holes count 120


Drill file 'badge-NPTH.drl' contains
    unplated through holes:
    =============================================================
    T1  3.000mm  0.1181"  (16 holes)

    Total unplated holes count 16
