Drill report for badge.kicad_pcb
Created on 2024-04-07T13:01:35-0500

Copper Layer Stackup:
    =============================================================
    L1 :  F.Cu                      front
    L2 :  B.Cu                      back


Drill file 'badge-PTH.drl' contains
    plated through holes:
    =============================================================
    T1  0.400mm  0.0157"  (134 holes)
    T2  0.600mm  0.0236"  (2 holes)
    T3  0.800mm  0.0315"  (2 holes)
    T4  0.900mm  0.0354"  (2 holes)
    T5  1.000mm  0.0394"  (40 holes)
    T6  1.100mm  0.0433"  (3 holes)
    T7  2.500mm  0.0984"  (3 holes)
    T8  3.000mm  0.1181"  (6 holes)  (with 4 slots)

    Total plated holes count 192


Drill file 'badge-NPTH.drl' contains
    unplated through holes:
    =============================================================
    T1  3.000mm  0.1181"  (5 holes)

    Total unplated holes count 5
